<?xml version="1.0" encoding="UTF-8"?>
<!-- Generated by org.testng.reporters.JUnitReportReporter -->
<testsuite skipped="0" hostname="LAPTOP-3QSEC7LE" name="com.crm.qa.testcases.ContactspageTest" tests="6" failures="0" timestamp="27 Jan 2019 00:50:04 GMT" time="129.760" errors="0">
  <testcase name="verifyContactspageLabel" time="22.716" classname="com.crm.qa.testcases.ContactspageTest"/>
  <testcase name="selectContactsTest" time="18.117" classname="com.crm.qa.testcases.ContactspageTest"/>
  <testcase name="selectMultipleContactsTest" time="17.473" classname="com.crm.qa.testcases.ContactspageTest"/>
  <testcase name="validateCreateNewContact" time="23.420" classname="com.crm.qa.testcases.ContactspageTest"/>
  <testcase name="validateCreateNewContact" time="23.110" classname="com.crm.qa.testcases.ContactspageTest"/>
  <testcase name="validateCreateNewContact" time="24.924" classname="com.crm.qa.testcases.ContactspageTest"/>
</testsuite> <!-- com.crm.qa.testcases.ContactspageTest -->
