<?xml version="1.0" encoding="UTF-8"?>
<!-- Generated by org.testng.reporters.JUnitReportReporter -->
<testsuite skipped="0" hostname="LAPTOP-3QSEC7LE" name="com.crm.qa.testcases.LoginPageTest" tests="3" failures="0" timestamp="20 Jan 2019 01:12:17 GMT" time="40.481" errors="0">
  <testcase name="LoginPageTitleTest" time="16.031" classname="com.crm.qa.testcases.LoginPageTest"/>
  <testcase name="crmLogoImageTest" time="9.997" classname="com.crm.qa.testcases.LoginPageTest"/>
  <testcase name="loginTest" time="14.453" classname="com.crm.qa.testcases.LoginPageTest"/>
</testsuite> <!-- com.crm.qa.testcases.LoginPageTest -->
