<?xml version="1.0" encoding="UTF-8"?>
<!-- Generated by org.testng.reporters.JUnitReportReporter -->
<testsuite skipped="0" hostname="LAPTOP-3QSEC7LE" name="com.crm.qa.testcases.HomePageTest" tests="3" failures="0" timestamp="20 Jan 2019 01:12:17 GMT" time="45.711" errors="0">
  <testcase name="verifyHomePageTitleTest" time="13.651" classname="com.crm.qa.testcases.HomePageTest"/>
  <testcase name="verifyUserNameTest" time="14.904" classname="com.crm.qa.testcases.HomePageTest"/>
  <testcase name="verifyContactsLinkTest" time="17.156" classname="com.crm.qa.testcases.HomePageTest"/>
</testsuite> <!-- com.crm.qa.testcases.HomePageTest -->
